Action.c(142):       <TD width="5%" rowspan="2" align="left" valign="top">\n
Action.c(142):     <b>\n
Action.c(142):     <label><input type="checkbox" name="36" value="on" /></label></font></b>\n
Action.c(142):     <input type="hidden" name="flightID" value="82297532-277071-TS"  />\n
Action.c(142):       </TD>\n
Action.c(142):       <TD width="45%" valign="top">\n
Action.c(142):           <b>&nbsp;&nbsp;5 First class tickets for :</b><br/>\n
Action.c(142):           <center><table border="0" width="85%"><tr><td>\n
Action.c(142):           <li><i>Tony Stark      <li><i>Cloud Strife      <li><i>Light Yagami      <li><i>Aloy
Action.c(142):      Huntress      <li><i>Cloud Strife\n
Action.c(142):           <li><i></i>\n
Action.c(142):           </td></tr></table></center>\n
Action.c(142):       </TD>\n
Action.c(142):       <TD width="5%" >.<br/>.<br/>.<br/>.</TD>\n
Action.c(142):       <TD width="45%" valign=top><b>Invoice sent to:</b><br/>\n
Action.c(142):           <center>\n
Action.c(142):           <Table width="80%" cellspacing="0" > <tr> <td>\n
Action.c(142):               Tony Stark\n
Action.c(142):     <br/>\n
Action.c(142):               10880 Malibu Point<br/>\n
Action.c(142):               Malibu<br/>\n
Action.c(142):               <br/>\n
Action.c(142):               Total Charge: $ 1930 <BR/> (CC: x-2222)\n
Action.c(142):           </td> </tr> </table>\n
Action.c(142):           </center>\n
Action.c(142):       </TD>\n
Action.c(142):     </TR>\n
Action.c(142):     <TR bgcolor="#EFF2F7">\n
Action.c(142):       <TD COLSPAN="3">\n
Action.c(142):       <b>Flight Details:</b><BR/>  <center>\n
Action.c(142):       11/01/2024\n
Action.c(142):      :  11pm : Flight 033 leaves Denver  for Los Angeles.<br>  </center>\n
Action.c(142):       </TD>\n
Action.c(142):     </TR>\n
Action.c(142):     \n
Action.c(142):     <TR bgcolor="#EFF2F7">\n
Action.c(142):       <TD COLSPAN="4">\n
Action.c(142):       <hr/>\n
Action.c(142):       </TD>\n
Action.c(142):     </TR>\n
Action.c(142):     \n
Action.c(142):     <!-- Flight #1 -->\n
Action.c(142):     <TR bgcolor="#EFF2F7">\n
Action.c(142):       <TD width="5%" rowspan="2" align="left" valign="top">\n
Action.c(142):     <b>\n
Action.c(142):     <label><input type="checkbox" name="37" value="on" /></label></font></b>\n
Action.c(142):     <input type="hidden" name="flightID" value="82314941-284777-TS"  />\n
Action.c(142):       </TD>\n
Action.c(142):       <TD width="45%" valign="top">\n
Action.c(142):           <b>&nbsp;&nbsp;5 Bisiness class tickets for :</b><br/>\n
Action.c(142):           <center><table border="0" width="85%"><tr><td>\n
Action.c(142):           <li><i>Tony Stark      <li><i>Hermione Granger      <li><i>Samus Aran      <li><i>Ge
Action.c(142):     ralt Rivian      <li><i>Dragonborn Targaryen\n
Action.c(142):           <li><i></i>\n
Action.c(142):           </td></tr></table></center>\n
Action.c(142):       </TD>\n
Action.c(142):       <TD width="5%" >.<br/>.<br/>.<br/>.</TD>\n
Action.c(142):       <TD width="45%" valign=top><b>Invoice sent to:</b><br/>\n
Action.c(142):           <center>\n
Action.c(142):           <Table width="80%" cellspacing="0" > <tr> <td>\n
Action.c(142):               Tony Stark\n
Action.c(142):     <br/>\n
Action.c(142):               10880 Malibu Point<br/>\n
Action.c(142):               Malibu<br/>\n
Action.c(142):               <br/>\n
Action.c(142):               Total Charge: $ 2105 <BR/> (CC: x-2222)\n
Action.c(142):           </td> </tr> </table>\n
Action.c(142):           </center>\n
Action.c(142):       </TD>\n
Action.c(142):     </TR>\n
Action.c(142):     <TR bgcolor="#EFF2F7">\n
Action.c(142):       <TD COLSPAN="3">\n
Action.c(142):       <b>Flight Details:</b><BR/>  <center>\n
Action.c(142):       11/01/2024\n
Action.c(142):      :  11pm : Flight 503 leaves Portland  for Denver.<br>  </center>\n
Action.c(142):       </TD>\n
Action.c(142):     </TR>\n
Action.c(142):     \n
Action.c(142):     <TR bgcolor="#EFF2F7">\n
Action.c(142):       <TD COLSPAN="4">\n
Action.c(142):       <hr/>\n
Action.c(142):       </TD>\n
Action.c(142):     </TR>\n
Action.c(142):     <TR>\n
Action.c(142):        <TD align="center" COLSPAN="4">\n
Action.c(142):        <b>A total of 37 scheduled flights.</font></b>\n
Action.c(142):        </TD>\n
Action.c(142):     </TR>\n
Action.c(142):     </TABLE>\n
Action.c(142):     \n
Action.c(142):     <TABLE WIDTH="87%" BORDER="0" CELLSPACING="0">\n
Action.c(142):     <TR>\n
Action.c(142):     <TD align="left" width="50%" >\n
Action.c(142):     <input type="image" name="removeFlights" src="/WebTours/images/cancelreservation.gif" bord
Action.c(142):     er="0" /></TD>\n
Action.c(142):     <TD align="right" width="50%" >\n
Action.c(142):     <input type="image" name="removeAllFlights" src="/WebTours/images/cancelallreservations.gi
Action.c(142):     f" border="0" /></TD>\n
Action.c(142):     </TABLE>\n
Action.c(142):     \n
Action.c(142):     <div><input type="hidden" name=".cgifields" value="33"  /><input type="hidden" name=".cgif
Action.c(142):     ields" value="32"  /><input type="hidden" name=".cgifields" value="21"  /><input type="hid
Action.c(142):     den" name=".cgifields" value="7"  /><input type="hidden" name=".cgifields" value="26"  /><
Action.c(142):     input type="hidden" name=".cgifields" value="17"  /><input type="hidden" name=".cgifields"
Action.c(142):      value="2"  /><input type="hidden" name=".cgifields" value="1"  /><input type="hidden" nam
Action.c(142):     e=".cgifields" value="18"  /><input type="hidden" name=".cgifields" value="30"  /><input t
Action.c(142):     ype="hidden" name=".cgifields" value="16"  /><input type="hidden" name=".cgifields" value=
Action.c(142):     "27"  /><input type="hidden" name=".cgifields" value="25"  /><input type="hidden" name=".c
Action.c(142):     gifields" value="28"  /><input type="hidden" name=".cgifields" value="20"  /><input type="
Action.c(142):     hidden" name=".cgifields" value="14"  /><input type="hidden" name=".cgifields" value="24" 
Action.c(142):      /><input type="hidden" name=".cgifields" value="10"  /><input type="hidden" name=".cgifie
Action.c(142):     lds" value="31"  /><input type="hidden" name=".cgifields" value="35"  /><input type="hidde
Action.c(142):     n" name=".cgifields" value="11"  /><input type="hidden" name=".cgifields" value="22"  /><i
Action.c(142):     nput type="hidden" name=".cgifields" value="13"  /><input type="hidden" name=".cgifields" 
Action.c(142):     value="23"  /><input type="hidden" name=".cgifields" value="29"  /><input type="hidden" na
Action.c(142):     me=".cgifields" value="6"  /><input type="hidden" name=".cgifields" value="36"  /><input t
Action.c(142):     ype="hidden" name=".cgifields" value="3"  /><input type="hidden" name=".cgifields" value="
Action.c(142):     9"  /><input type="hidden" name=".cgifields" value="12"  /><input type="hidden" name=".cgi
Action.c(142):     fields" value="15"  /><input type="hidden" name=".cgifields" value="8"  /><input type="hid
Action.c(142):     den" name=".cgifields" value="4"  /><input type="hidden" name=".cgifields" value="34"  /><
Action.c(142):     input type="hidden" name=".cgifields" value="37"  /><input type="hidden" name=".cgifields"
Action.c(142):      value="19"  /><input type="hidden" name=".cgifields" value="5"  /></div></form>\n
Action.c(142):     \n
Action.c(142):     </center>\n
Action.c(142):     \n
Action.c(142):     </body>\n
Action.c(142):     </html>
Action.c(142): Found resource "http://localhost:1080/WebTours/images/cancelreservation.gif" in HTML "http://localhost:1080/cgi-bin/itinerary.pl"  	[MsgId: MMSG-26659]
Action.c(142): Found resource "http://localhost:1080/WebTours/images/cancelallreservations.gif" in HTML "http://localhost:1080/cgi-bin/itinerary.pl"  	[MsgId: MMSG-26659]
Action.c(142): t=11741ms: Request done "http://localhost:1080/cgi-bin/itinerary.pl"  	[MsgId: MMSG-26000]
Action.c(142): t=11742ms: Already connected [0] to localhost:1080  	[MsgId: MMSG-26000]
Action.c(142): t=11743ms: 662-byte request headers for "http://localhost:1080/WebTours/images/cancelreservation.gif" (RelFrameId=, Internal ID=166)
Action.c(142):     GET /WebTours/images/cancelreservation.gif HTTP/1.1\r\n
Action.c(142):     Referer: http://localhost:1080/cgi-bin/itinerary.pl\r\n
Action.c(142):     Sec-Fetch-Mode: navigate\r\n
Action.c(142):     Priority: u=4\r\n
Action.c(142):     Sec-Fetch-Dest: frame\r\n
Action.c(142):     Sec-Fetch-Site: same-origin\r\n
Action.c(142):     Upgrade-Insecure-Requests: 1\r\n
Action.c(142):     Sec-Fetch-User: ?1\r\n
Action.c(142):     User-Agent: Mozilla/5.0 (Windows NT 10.0; Win64; x64; rv:130.0) Gecko/20100101 Firefox/130
Action.c(142):     .0\r\n
Action.c(142):     Accept-Encoding: gzip, deflate\r\n
Action.c(142):     Accept-Language: ru-RU,ru;q=0.8,en-US;q=0.5,en;q=0.3\r\n
Action.c(142):     Accept: */*\r\n
Action.c(142):     Connection: Keep-Alive\r\n
Action.c(142):     Host: localhost:1080\r\n
Action.c(142):     Cookie: MSO=SID&1730374766; MTUserInfo=firstName&Tony&address2&Malibu&username&tonystark&h
Action.c(142):     ash&43&lastName&Stark%0A&address1&10880%20Malibu%20Point&creditCard&&expDate&%0A\r\n
Action.c(142):     \r\n
Action.c(142): t=11745ms: Already connected [1] to localhost:1080  	[MsgId: MMSG-26000]
Action.c(142): t=11745ms: 666-byte request headers for "http://localhost:1080/WebTours/images/cancelallreservations.gif" (RelFrameId=, Internal ID=167)
Action.c(142):     GET /WebTours/images/cancelallreservations.gif HTTP/1.1\r\n
Action.c(142):     Referer: http://localhost:1080/cgi-bin/itinerary.pl\r\n
Action.c(142):     Sec-Fetch-Mode: navigate\r\n
Action.c(142):     Priority: u=4\r\n
Action.c(142):     Sec-Fetch-Dest: frame\r\n
Action.c(142):     Sec-Fetch-Site: same-origin\r\n
Action.c(142):     Upgrade-Insecure-Requests: 1\r\n
Action.c(142):     Sec-Fetch-User: ?1\r\n
Action.c(142):     User-Agent: Mozilla/5.0 (Windows NT 10.0; Win64; x64; rv:130.0) Gecko/20100101 Firefox/130
Action.c(142):     .0\r\n
Action.c(142):     Accept-Encoding: gzip, deflate\r\n
Action.c(142):     Accept-Language: ru-RU,ru;q=0.8,en-US;q=0.5,en;q=0.3\r\n
Action.c(142):     Accept: */*\r\n
Action.c(142):     Connection: Keep-Alive\r\n
Action.c(142):     Host: localhost:1080\r\n
Action.c(142):     Cookie: MSO=SID&1730374766; MTUserInfo=firstName&Tony&address2&Malibu&username&tonystark&h
Action.c(142):     ash&43&lastName&Stark%0A&address1&10880%20Malibu%20Point&creditCard&&expDate&%0A\r\n
Action.c(142):     \r\n
Action.c(142): t=11747ms: 297-byte response headers for "http://localhost:1080/WebTours/images/cancelreservation.gif" (RelFrameId=, Internal ID=166)
Action.c(142):     HTTP/1.1 200 OK\r\n
Action.c(142):     Date: Thu, 31 Oct 2024 11:39:27 GMT\r\n
Action.c(142):     Server: Apache/2.2.21 (Win32)\r\n
Action.c(142):     Last-Modified: Thu, 12 Jan 2012 13:30:27 GMT\r\n
Action.c(142):     ETag: "10000000658e6-33f-4b654c052c2c0"\r\n
Action.c(142):     Accept-Ranges: bytes\r\n
Action.c(142):     Content-Length: 831\r\n
Action.c(142):     Keep-Alive: timeout=5, max=89\r\n
Action.c(142):     Connection: Keep-Alive\r\n
Action.c(142):     Content-Type: image/gif\r\n
Action.c(142):     \r\n
Action.c(142): t=11748ms: 831-byte response body for "http://localhost:1080/WebTours/images/cancelreservation.gif" (RelFrameId=, Internal ID=166)
Action.c(142): t=11749ms: Request done "http://localhost:1080/WebTours/images/cancelreservation.gif"  	[MsgId: MMSG-26000]
Action.c(142): t=11750ms: 297-byte response headers for "http://localhost:1080/WebTours/images/cancelallreservations.gif" (RelFrameId=, Internal ID=167)
Action.c(142):     HTTP/1.1 200 OK\r\n
Action.c(142):     Date: Thu, 31 Oct 2024 11:39:27 GMT\r\n
Action.c(142):     Server: Apache/2.2.21 (Win32)\r\n
Action.c(142):     Last-Modified: Thu, 12 Jan 2012 13:30:27 GMT\r\n
Action.c(142):     ETag: "10000000658e5-2e6-4b654c052c2c0"\r\n
Action.c(142):     Accept-Ranges: bytes\r\n
Action.c(142):     Content-Length: 742\r\n
Action.c(142):     Keep-Alive: timeout=5, max=93\r\n
Action.c(142):     Connection: Keep-Alive\r\n
Action.c(142):     Content-Type: image/gif\r\n
Action.c(142):     \r\n
Action.c(142): t=11753ms: 742-byte response body for "http://localhost:1080/WebTours/images/cancelallreservations.gif" (RelFrameId=, Internal ID=167)
Action.c(142): t=11753ms: Request done "http://localhost:1080/WebTours/images/cancelallreservations.gif"  	[MsgId: MMSG-26000]
Action.c(142): Registered web_reg_find successful for "Text=Itinerary" (count=3)  	[MsgId: MMSG-26364]
Action.c(142): web_url("Itinerary Button") was successful, 51391 body bytes, 1616 header bytes, 123 chunking overhead bytes  	[MsgId: MMSG-26385]
Action.c(153): Notify: Transaction "go_to_itinerary" ended with a "Pass" status (Duration: 0,4857 Wasted Time: 0,0370).
Action.c(156): Notify: Transaction "logout" started.
Action.c(158): web_reg_find started  	[MsgId: MMSG-26355]
Action.c(158): Registering web_reg_find was successful  	[MsgId: MMSG-26390]
Action.c(160): web_remove_auto_header("Sec-Fetch-User") started  	[MsgId: MMSG-26355]
Action.c(160): Previous automatically added web header for "Sec-Fetch-User" removed  	[MsgId: MMSG-26587]
Action.c(160): web_remove/revert_auto_header("Sec-Fetch-User") was successful  	[MsgId: MMSG-26392]
Action.c(162): web_add_header("Upgrade-Insecure-Requests") started  	[MsgId: MMSG-26355]
Action.c(162): An unrecognized header ("Upgrade-Insecure-Requests") is being added  	[MsgId: MMSG-26595]
Action.c(162): "Upgrade-Insecure-Requests: 1" header registered for adding to requests from the immediately following Action function  	[MsgId: MMSG-26506]
Action.c(162): web_add_header("Upgrade-Insecure-Requests") was successful  	[MsgId: MMSG-26392]
Action.c(166): web_image("SignOff Button") started  	[MsgId: MMSG-26355]
Action.c(166): Image-linking to "http://localhost:1080/cgi-bin/welcome.pl?signOff=1", Target Frame="body"  	[MsgId: MMSG-27993]
Action.c(166): t=11913ms: Already connected [0] to localhost:1080  	[MsgId: MMSG-26000]
Action.c(166): t=11913ms: 650-byte request headers for "http://localhost:1080/cgi-bin/welcome.pl?signOff=1" (RelFrameId=1, Internal ID=168)
Action.c(166):     GET /cgi-bin/welcome.pl?signOff=1 HTTP/1.1\r\n
Action.c(166):     Referer: http://localhost:1080/cgi-bin/nav.pl?page=menu&in=itinerary\r\n
Action.c(166):     Upgrade-Insecure-Requests: 1\r\n
Action.c(166):     Sec-Fetch-Mode: navigate\r\n
Action.c(166):     Priority: u=4\r\n
Action.c(166):     Sec-Fetch-Dest: frame\r\n
Action.c(166):     Sec-Fetch-Site: same-origin\r\n
Action.c(166):     User-Agent: Mozilla/5.0 (Windows NT 10.0; Win64; x64; rv:130.0) Gecko/20100101 Firefox/130
Action.c(166):     .0\r\n
Action.c(166):     Accept-Encoding: gzip, deflate\r\n
Action.c(166):     Accept-Language: ru-RU,ru;q=0.8,en-US;q=0.5,en;q=0.3\r\n
Action.c(166):     Accept: */*\r\n
Action.c(166):     Connection: Keep-Alive\r\n
Action.c(166):     Host: localhost:1080\r\n
Action.c(166):     Cookie: MSO=SID&1730374766; MTUserInfo=firstName&Tony&address2&Malibu&username&tonystark&h
Action.c(166):     ash&43&lastName&Stark%0A&address1&10880%20Malibu%20Point&creditCard&&expDate&%0A\r\n
Action.c(166):     \r\n
Action.c(166): t=11998ms: 327-byte response headers for "http://localhost:1080/cgi-bin/welcome.pl?signOff=1" (RelFrameId=1, Internal ID=168)
Action.c(166):     HTTP/1.1 200 OK\r\n
Action.c(166):     Date: Thu, 31 Oct 2024 11:39:27 GMT\r\n
Action.c(166):     Server: Apache/2.2.21 (Win32)\r\n
Action.c(166):     Set-Cookie: MSO=SID&1730374767; path=/\r\n
Action.c(166):     Set-Cookie: MTUserInfo=; path=/; expires=Wed, 30-Oct-2024 11:39:27 GMT\r\n
Action.c(166):     Keep-Alive: timeout=5, max=88\r\n
Action.c(166):     Connection: Keep-Alive\r\n
Action.c(166):     Transfer-Encoding: chunked\r\n
Action.c(166):     Content-Type: text/html; charset=ISO-8859-1\r\n
Action.c(166):     \r\n
Action.c(166): t=12000ms: 5-byte chunked response overhead for "http://localhost:1080/cgi-bin/welcome.pl?signOff=1" (RelFrameId=1, Internal ID=168)
Action.c(166):     2ae\r\n
Action.c(166): t=12000ms: 2-byte chunked response overhead for "http://localhost:1080/cgi-bin/welcome.pl?signOff=1" (RelFrameId=1, Internal ID=168)
Action.c(166):     \r\n
Action.c(166): t=12001ms: 686-byte chunked response body for "http://localhost:1080/cgi-bin/welcome.pl?signOff=1" (RelFrameId=1, Internal ID=168)
Action.c(166):     <!-- \n
Action.c(166):      A Session ID has been created and loaded into a cookie called MSO.\n
Action.c(166):      Also, the server options have been loaded into the cookie called\n
Action.c(166):      MSO as well.  The server options can be set via the Admin page.\n
Action.c(166):      --->\n
Action.c(166):     \n
Action.c(166):     <html>\n
Action.c(166):     <title>Web Tours</title>\n
Action.c(166):        <!-- Frame Set -->\n
Action.c(166):        <frameset cols="160,*" border="1" frameborder="1">\n
Action.c(166):           <!-- Navigation Frame -->\n
Action.c(166):           <frame src="nav.pl?in=home" name="navbar" marginheight="2" marginwidth="2" \n
Action.c(166):                 noresize="noresize" scrolling="auto"/>\n
Action.c(166):           <!-- Home Frame -->\n
Action.c(166):           <frame src="/WebTours/home.html" name="info" marginheight="2" marginwidth="2" \n
Action.c(166):                 noresize="noresize" scrolling="auto"/>\n
Action.c(166):        </frameset>\n
Action.c(166):     </html>\n
Action.c(166):     \n
Action.c(166):     </body>\n
Action.c(166):     </html>
Action.c(166): Detected non-resource "http://localhost:1080/cgi-bin/nav.pl?in=home" in "http://localhost:1080/cgi-bin/welcome.pl?signOff=1"  	[MsgId: MMSG-26574]
Action.c(166): Detected non-resource "http://localhost:1080/WebTours/home.html" in "http://localhost:1080/cgi-bin/welcome.pl?signOff=1"  	[MsgId: MMSG-26574]
Action.c(166): Retrieving data from cache for "http://localhost:1080/WebTours/home.html"  	[MsgId: MMSG-26558]
Action.c(166): t=12004ms: 1361-byte response body retrieved from cache for "http://localhost:1080/WebTours/home.html" (RelFrameId=1.2, Internal ID=170)
Action.c(166):     <HTML>\n
Action.c(166):     <HEAD>\n
Action.c(166):     \t<title>Web Tours</title>\n
Action.c(166):     </HEAD>\n
Action.c(166):     <style>\n
Action.c(166):     \tblockquote {font-family: tahoma; font-size : 10pt}\n
Action.c(166):     \tH1 {font-family: tahoma; font-size : 22pt; color: #003366}\n
Action.c(166):     \tsmall {font-family: tahoma; font-size : 8pt}\n
Action.c(166):     \tH3{font-family: tahoma; font-size : 10pt; color: black}\n
Action.c(166):     \tA {FONT-WEIGHT: bold; FONT-SIZE: 10pt; COLOR: black; FONT-FAMILY: Tahoma; TEXT-DECORATIO
Action.c(166):     N: none}\n
Action.c(166):     \tA:hover{ FONT-WEIGHT: bold; FONT-SIZE: 10pt; COLOR: #993333; FONT-FAMILY: Tahoma;TEXT-DE
Action.c(166):     CORATION: underline}\n
Action.c(166):     \tTD {font-family: tahoma; font-size : 10pt; color: black}\n
Action.c(166):     </style>\n
Action.c(166):     <body bgcolor="#e0e7f1">\n
Action.c(166):     <BR/>\n
Action.c(166):     <BR/>\n
Action.c(166):     <BR/>\n
Action.c(166):     <br/>\n
Action.c(166):     <table border="0">\n
Action.c(166):     <tr><td></td></tr>\n
Action.c(166):     <TR><TD></TD></TR>\n
Action.c(166):     <TR><TD>\n
Action.c(166):     <blockquote>\n
Action.c(166):     <H1><b>Web Tours</b></H1>\n
Action.c(166):     Welcome to the Web Tours site.\n
Action.c(166):     <br/>\n
Action.c(166):     To make reservations,please enter your account information to the left.\n
Action.c(166):     <br/>\n
Action.c(166):     If you haven't registered yet, <A href="/cgi-bin/login.pl?username=&amp;password=&amp;getI
Action.c(166):     nfo=true" ><B>sign up now</B></A> to get access to all our resources.\n
Action.c(166):     <br/>\n
Action.c(166):     To configure the server options, use <A href="/cgi-bin/admin.pl" target="body" ><b>adminis
Action.c(166):     tration</b></A> link.\n
Action.c(166):     <br/><br/><br/><br/><br/><br/>\n
Action.c(166):     <br/><small>\n
Action.c(166):     This product uses parts of the SMT Kernel, Copyright (c) 1991-99 <A href="http://www.imati
Action.c(166):     x.com" target="new"><B><small>iMatix Corporation</small></B></A> \n
Action.c(166):     </small>\n
Action.c(166):     </blockquote></TD>\n
Action.c(166):     <TD></TD></TR>\n
Action.c(166):     </table>\n
Action.c(166):     </body>\n
Action.c(166):     </HTML>\n
Action.c(166): t=12009ms: 5-byte chunked response overhead for "http://localhost:1080/cgi-bin/welcome.pl?signOff=1" (RelFrameId=1, Internal ID=168)
Action.c(166):     0\r\n
Action.c(166):     \r\n
Action.c(166): t=12009ms: Request done "http://localhost:1080/cgi-bin/welcome.pl?signOff=1"  	[MsgId: MMSG-26000]
Action.c(166): t=12011ms: Already connected [1] to localhost:1080  	[MsgId: MMSG-26000]
Action.c(166): t=12011ms: 491-byte request headers for "http://localhost:1080/cgi-bin/nav.pl?in=home" (RelFrameId=1.1, Internal ID=169)
Action.c(166):     GET /cgi-bin/nav.pl?in=home HTTP/1.1\r\n
Action.c(166):     Referer: http://localhost:1080/cgi-bin/welcome.pl?signOff=1\r\n
Action.c(166):     Upgrade-Insecure-Requests: 1\r\n
Action.c(166):     Sec-Fetch-Mode: navigate\r\n
Action.c(166):     Priority: u=4\r\n
Action.c(166):     Sec-Fetch-Dest: frame\r\n
Action.c(166):     Sec-Fetch-Site: same-origin\r\n
Action.c(166):     User-Agent: Mozilla/5.0 (Windows NT 10.0; Win64; x64; rv:130.0) Gecko/20100101 Firefox/130
Action.c(166):     .0\r\n
Action.c(166):     Accept-Encoding: gzip, deflate\r\n
Action.c(166):     Accept-Language: ru-RU,ru;q=0.8,en-US;q=0.5,en;q=0.3\r\n
Action.c(166):     Accept: */*\r\n
Action.c(166):     Connection: Keep-Alive\r\n
Action.c(166):     Host: localhost:1080\r\n
Action.c(166):     Cookie: MSO=SID&1730374767\r\n
Action.c(166):     \r\n
Action.c(166): t=12090ms: 255-byte response headers for "http://localhost:1080/cgi-bin/nav.pl?in=home" (RelFrameId=1.1, Internal ID=169)
Action.c(166):     HTTP/1.1 200 OK\r\n
Action.c(166):     Date: Thu, 31 Oct 2024 11:39:27 GMT\r\n
Action.c(166):     Server: Apache/2.2.21 (Win32)\r\n
Action.c(166):     Expires: Wed, 30 Oct 2024 11:39:27 GMT\r\n
Action.c(166):     Keep-Alive: timeout=5, max=92\r\n
Action.c(166):     Connection: Keep-Alive\r\n
Action.c(166):     Transfer-Encoding: chunked\r\n
Action.c(166):     Content-Type: text/html; charset=ISO-8859-1\r\n
Action.c(166):     \r\n
Action.c(166): t=12091ms: 5-byte chunked response overhead for "http://localhost:1080/cgi-bin/nav.pl?in=home" (RelFrameId=1.1, Internal ID=169)
Action.c(166):     5ce\r\n
Action.c(166): t=12091ms: 2-byte chunked response overhead for "http://localhost:1080/cgi-bin/nav.pl?in=home" (RelFrameId=1.1, Internal ID=169)
Action.c(166):     \r\n
Action.c(166): t=12092ms: 1486-byte chunked response body for "http://localhost:1080/cgi-bin/nav.pl?in=home" (RelFrameId=1.1, Internal ID=169)
Action.c(166):     <!DOCTYPE html\n
Action.c(166):     \tPUBLIC "-//W3C//DTD XHTML 1.0 Transitional//EN"\n
Action.c(166):     \t "http://www.w3.org/TR/xhtml1/DTD/xhtml1-transitional.dtd">\n
Action.c(166):     <html xmlns="http://www.w3.org/1999/xhtml" lang="en-US" xml:lang="en-US">\n
Action.c(166):     <head>\n
Action.c(166):     <title>Web Tours Navigation Bar</title>\n
Action.c(166):     <meta http-equiv="Content-Type" content="text/html; charset=iso-8859-1" />\n
Action.c(166):     </head>\n
Action.c(166):     <body bgcolor="#E0E7F1">\n
Action.c(166):     <style>\n
Action.c(166):     blockquote {font-family: tahoma; font-size : 10pt}\n
Action.c(166):     H1 {font-family: tahoma; font-size : 22pt; color: #993333}\n
Action.c(166):     H3 {font-family: tahoma; font-size : 10pt; color: black}\n
Action.c(166):     small {font-family: tahoma; font-size : 8pt}\n
Action.c(166):     </style>\n
Action.c(166):     <form method="post" action="/cgi-bin/login.pl" target="body">\n
Action.c(166):     <input type="hidden" name="userSession" value="140168.065370595HcAQiQtpizcftDcfQpDzQVHf"/>
Action.c(166):     \n
Action.c(166):     <table border="0"><tr><td>&nbsp;</td>\n
Action.c(166):     <td>&nbsp;</td></tr>\n
Action.c(166):     <tr><td>&nbsp;</td>\n
Action.c(166):     <td>&nbsp;</td></tr>\n
Action.c(166):     <tr><td>&nbsp;</td>\n
Action.c(166):     <td><small>&nbsp;Username</small></td></tr>\n
Action.c(166):     <tr><td>&nbsp;</td>\n
Action.c(166):     <td><input type="text" name="username" value="" size="14" maxlength="14"/></td></tr>\n
Action.c(166):     <tr><td>&nbsp;</td>\n
Action.c(166):     <td><small>&nbsp;Password</small></td>\n
Action.c(166):     <tr><td>&nbsp;</td>\n
Action.c(166):     <td><input type="password" name="password" value="" size="14" maxlength="14"/></td></tr>\n
Action.c(166):     <tr><td>&nbsp;</td>\n
Action.c(166):     <td>&nbsp;</td></tr>\n
Action.c(166):     <tr><td>&nbsp;</td>\n
Action.c(166):     <td><input type="image" name="login" value="Login" alt="Login" border="1" \n
Action.c(166):     src="/WebTours/images/mer_login.gif"/></td></tr>\n
Action.c(166):     <tr><td>&nbsp;</td><td>&nbsp;</td></tr>\n
Action.c(166):     </table><input type="hidden" name="JSFormSubmit" value="off"/>\n
Action.c(166):     </form>\n
Action.c(166):     \n
Action.c(166):     </body>\n
Action.c(166):     </html>\n
Action.c(166): Resource "http://localhost:1080/WebTours/images/mer_login.gif" is in the cache already and will not be downloaded again  	[MsgId: MMSG-26655]
Action.c(166): t=12097ms: 5-byte chunked response overhead for "http://localhost:1080/cgi-bin/nav.pl?in=home" (RelFrameId=1.1, Internal ID=169)
Action.c(166):     0\r\n
Action.c(166):     \r\n
Action.c(166): t=12097ms: Request done "http://localhost:1080/cgi-bin/nav.pl?in=home"  	[MsgId: MMSG-26000]
Action.c(166): Registered web_reg_find successful for "Text=Welcome to the Web Tours site." (count=1)  	[MsgId: MMSG-26364]
Action.c(166): web_image("SignOff Button") was successful, 2172 body bytes, 582 header bytes, 24 chunking overhead bytes  	[MsgId: MMSG-26385]
Action.c(171): Notify: Transaction "logout" ended with a "Pass" status (Duration: 0,3139 Wasted Time: 0,0304).
Action.c(174): Notify: Transaction "UC1_LoginLogout" ended with a "Pass" status (Duration: 2,3993 Wasted Time: 0,1810).
Ending action Action.
Ending iteration 5.
Ending Vuser...
Starting action vuser_end.
Ending action vuser_end.
Vuser Terminated.
t=12231ms: Closed connection [0] to localhost:1080 after completing 13 request(s)  	[MsgId: MMSG-26000]
t=12232ms: Closed connection [1] to localhost:1080 after completing 9 request(s)  	[MsgId: MMSG-26000]
t=12232ms: Closed connection [2] to localhost:1080 after completing 4 request(s)  	[MsgId: MMSG-26000]
t=12232ms: Closed connection [3] to localhost:1080 after completing 3 request(s)  	[MsgId: MMSG-26000]
t=12232ms: Closed connection [4] to localhost:1080 after completing 1 request(s)  	[MsgId: MMSG-26000]
t=12233ms: Closed connection [5] to localhost:1080 after completing 1 request(s)  	[MsgId: MMSG-26000]
HTML-Mode memory management statistics: Reusable=12, NonReusable=0, CsMemBlockSize=4096, checks disabled  	[MsgId: MMSG-26000]
Vuser 0 (thread 14088), ended OK."
